<?xml version="1.0" encoding="UTF-8"?>
<!-- Generated by org.testng.reporters.JUnitReportReporter -->
<testsuite hostname="DESKTOP-6F9OMTT" failures="0" tests="1" name="testpkg.AmazonTest" time="23.621" errors="0" timestamp="2024-08-14T16:09:32 IST" skipped="0">
  <testcase classname="testpkg.AmazonTest" name="test" time="23.621"/>
</testsuite> <!-- testpkg.AmazonTest -->
